[debug] [2025-06-12T18:36:29.174Z] ----------------------------------------------------------------------
[debug] [2025-06-12T18:36:29.176Z] Command:       C:\Program Files\nodejs\node.exe C:\Program Files\nodejs\node_modules\firebase-tools\lib\bin\firebase.js init
[debug] [2025-06-12T18:36:29.176Z] CLI Version:   14.6.0
[debug] [2025-06-12T18:36:29.176Z] Platform:      win32
[debug] [2025-06-12T18:36:29.176Z] Node Version:  v20.13.1
[debug] [2025-06-12T18:36:29.176Z] Time:          Fri Jun 13 2025 01:36:29 GMT+0700 (Indochina Time)
[debug] [2025-06-12T18:36:29.177Z] ----------------------------------------------------------------------
[debug] 
[debug] [2025-06-12T18:36:29.181Z] > command requires scopes: ["email","openid","https://www.googleapis.com/auth/cloudplatformprojects.readonly","https://www.googleapis.com/auth/firebase","https://www.googleapis.com/auth/cloud-platform"]
[debug] [2025-06-12T18:36:29.181Z] > authorizing via signed-in user (baonguyengia2701@gmail.com)
[info] 
     ######## #### ########  ######## ########     ###     ######  ########
     ##        ##  ##     ## ##       ##     ##  ##   ##  ##       ##
     ######    ##  ########  ######   ########  #########  ######  ######
     ##        ##  ##    ##  ##       ##     ## ##     ##       ## ##
     ##       #### ##     ## ######## ########  ##     ##  ######  ########

You're about to initialize a Firebase project in this directory:

  D:\Viettrad\viettrad\client

[info] 
=== Project Setup
[info] 
[info] First, let's associate this project directory with a Firebase project.
[info] You can create multiple project aliases by running firebase use --add, 
[info] but for now we'll just set up a default project.
[info] 
[debug] [2025-06-12T18:36:39.747Z] Checked if tokens are valid: true, expires at: 1749756977084
[debug] [2025-06-12T18:36:39.747Z] Checked if tokens are valid: true, expires at: 1749756977084
[debug] [2025-06-12T18:36:39.749Z] >>> [apiv2][query] GET https://firebase.googleapis.com/v1beta1/projects pageSize=100
[debug] [2025-06-12T18:36:45.190Z] <<< [apiv2][status] GET https://firebase.googleapis.com/v1beta1/projects 500
[debug] [2025-06-12T18:36:45.190Z] <<< [apiv2][body] GET https://firebase.googleapis.com/v1beta1/projects [omitted]
[debug] [2025-06-12T18:36:45.191Z] Request to https://firebase.googleapis.com/v1beta1/projects?pageSize=100 had HTTP Error: 500, Internal error encountered.
[debug] [2025-06-12T18:36:45.300Z] FirebaseError: Request to https://firebase.googleapis.com/v1beta1/projects?pageSize=100 had HTTP Error: 500, Internal error encountered.
    at responseToError (C:\Users\LENOVO\AppData\Roaming\nvm\v20.13.1\node_modules\firebase-tools\lib\responseToError.js:52:12)
    at RetryOperation._fn (C:\Users\LENOVO\AppData\Roaming\nvm\v20.13.1\node_modules\firebase-tools\lib\apiv2.js:312:77)
    at process.processTicksAndRejections (node:internal/process/task_queues:95:5)
[error] 
[error] Error: Failed to list Firebase projects. See firebase-debug.log for more info.
